<!DOCTYPE HTML><html><head><title>Behave Test Report</title><meta content="text/html;charset=utf-8" http-equiv="content-type" /><style type="text/css"><!--
@charset "utf-8"; .passed{}.failed{}.error{}.skipped{}.undefined{}.summary{}.failed_scenarios{}.footer{}body{font-size:0;color:white;margin:0;padding:0}.behave,td,th{font:normal 11px "Lucida Grande",Helvetica,sans-serif;background:white;color:black}.behave #behave-header,td #behave-header,th #behave-header{background:#65c400;color:white;height:8em}.behave #behave-header #expand-collapse p,td #behave-header #expand-collapse p,th #behave-header #expand-collapse p{float:right;margin:0 0 0 10px}.behave .scenario h3,td .scenario h3,th .scenario h3,.background h3{font-size:11px;padding:3px;margin:0;background:#65c400;color:white;font-weight:bold}.background h3{font-size:1.2em;background:#666}.behave h1,td h1,th h1{margin:0 10px 0 10px;padding:10px;font-family:"Lucida Grande",Helvetica,sans-serif;font-size:2em;position:absolute}.behave h4,td h4,th h4{margin-bottom:2px}.behave div.feature,td div.feature,th div.feature{padding:2px;margin:0 10px 5px 10px}.behave div.examples,td div.examples,th div.examples{padding:0 0 0 1em}.behave .stats,td .stats,th .stats{margin:2em}.behave .summary ul.features li,td .summary ul.features li,th .summary ul.features li{display:inline}.behave .step_name,td .step_name,th .step_name{float:left}.behave .step_file,td .step_file,th .step_file{text-align:right;color:#999}.behave .step_file a,td .step_file a,th .step_file a{color:#999}.behave .scenario_file,td .scenario_file,th .scenario_file{float:right;color:#999}.behave .step_duration{padding-left:1em}.behave .tag,td .tag,th .tag{font-weight:bold;color:#246ac1}.behave .backtrace,td .backtrace,th .backtrace{margin-top:0;margin-bottom:0;margin-left:1em;color:black}.behave a,td a,th a{color:#be5c00;margin-right:.5em}.behave a:hover,td a:hover,th a:hover{text-decoration:none}.behave a:visited,td a:visited,th a:visited{font-weight:normal}.behave a div.examples,td a div.examples,th a div.examples{margin:5px 0 5px 15px;color:black}.behave .outline table,td .outline table,th .outline table{margin:0 0 5px 10px}.behave table,td table,th table{border-collapse:collapse}.behave table td,td table td,th table td{padding:3px 3px 3px 5px}.behave table td.failed,.behave table td.passed,.behave table td.skipped,.behave table td.pending,.behave table td.undefined,td table td.failed,td table td.passed,td table td.skipped,td table td.pending{padding-left:18px;padding-right:10px}.behave table td.failed,td table td.failed,th table td.failed{border-left:5px solid #c20000;border-bottom:1px solid #c20000;background:#fffbd3;color:#c20000}.behave table td.passed,td table td.passed,th table td.passed{border-left:5px solid #65c400;border-bottom:1px solid #65c400;background:#dbffb4;color:#3d7700}.behave table td.skipped,td table td.skipped,th table td.skipped{border-left:5px solid aqua;border-bottom:1px solid aqua;background:#e0ffff;color:#011}.behave table td.pending,td table td.pending,th table td.pending{border-left:5px solid #faf834;border-bottom:1px solid #faf834;background:#fcfb98;color:#131313}.behave table td.undefined,td table td.undefined,th table td.undefined{border-left:5px solid #faf834;border-bottom:1px solid #faf834;background:#fcfb98;color:#131313}.behave table td.message,td table td.message,th table td.message{border-left:5px solid aqua;border-bottom:1px solid aqua;background:#e0ffff;color:#011}.behave ol,td ol,th ol{list-style:none;margin:0;padding:0}.behave ol li.step,td ol li.step,th ol li.step{padding:3px 3px 3px 18px;margin:5px 0 5px 5px}.behave ol li,td ol li,th ol li{margin:0 0 0 1em;padding:0 0 0 .2em}.behave ol li span.param,td ol li span.param,th ol li span.param{font-weight:bold}.behave ol li.failed,td ol li.failed,th ol li.failed{border-left:5px solid #c20000;border-bottom:1px solid #c20000;background:#fffbd3;color:#c20000}.behave ol li.passed,td ol li.passed,th ol li.passed{border-left:5px solid #65c400;border-bottom:1px solid #65c400;background:#dbffb4;color:#3d7700}.behave ol li.skipped,td ol li.skipped,th ol li.skipped{border-left:5px solid aqua;border-bottom:1px solid aqua;background:#e0ffff;color:#011}.behave ol li.pending,td ol li.pending,th ol li.pending{border-left:5px solid #faf834;border-bottom:1px solid #faf834;background:#fcfb98;color:#131313}.behave ol li.undefined,td ol li.undefined,th ol li.undefined{border-left:5px solid #faf834;border-bottom:1px solid #faf834;background:#fcfb98;color:#131313}.behave ol li.message,td ol li.message,th ol li.message{border-left:5px solid aqua;border-bottom:1px solid aqua;background:#e0ffff;color:#011;margin-left:10px}.behave #summary,td #summary,th #summary{margin:0;padding:5px 10px;text-align:right;top:0;right:0;float:right}.behave #summary p,td #summary p,th #summary p{margin:0 0 0 2px}.behave #summary #totals,td #summary #totals,th #summary #totals{font-size:1.2em}.behave .scenario h3.failed,td .scenario h3.failed,th .scenario h3.failed,.background h3.failed{background:#c20000}.behave #behave-header.failed,td #behave-header.failed,th #behave-header.failed{background:#c20000}.behave .scenario h3.undefined,td .scenario h3.undefined,th .scenario h3.undefined,.background h3.undefined{background:#faf834;color:black}.behave #behave-header.undefined,td #behave-header.undefined,th #behave-header.undefined{background:#faf834;color:black}#behave-header.failed a{color:white}pre{white-space:pre-wrap}
--></style><script type="text/javascript"><!--
function Collapsible_toggle(id){var elem=document.getElementById(id);elem.style.display=(elem.style.display=='none'?'block':'none');return false;};function Collapsible_expandAll(className){var elems=document.getElementsByClassName(className);for(var i=0;i<elems.length;i++){elems[i].style.display='block';}};function Collapsible_collapseAll(className){var elems=document.getElementsByClassName(className);for(var i=0;i<elems.length;i++){elems[i].style.display='none';}};function Collapsible_expandAllFailed(){var elems=document.getElementsByClassName('failed');for(var i=0;i<elems.length;i++){var elem=elems[i];if(elem.nodeName=='H3'){elem.parentElement.getElementsByTagName('ol')[0].style.display='block';}}}
--></script></head><body><div class="behave"><div id="behave-header" class="failed"><div id="label"><h1>Behave Test Report</h1></div><div id="summary"><p id="totals"><p id="feature_totals">Features: failed: 4</p><p id="scenario_totals">Scenarios: failed: 6, passed: 1</p><p id="step_totals">Steps: passed: 20, failed: 4, untested: 12, skipped: 5</p></p><p id="duration">Finished in 117.3 seconds</p><div id="expand-collapse"><a id="expander" href="#" onclick="Collapsible_expandAll('scenario_steps')">Expand All</a><span> | </span><a id="collapser" href="#" onclick="Collapsible_collapseAll('scenario_steps')">Collapse All</a><span> | </span><a id="failed_expander" href="#" onclick="Collapsible_expandAllFailed()">Expand All Failed</a></div></div></div><div class="feature"><h2><span class="val">Feature: If the user search for a movie or tv show, proper results must be returned according to the search criteria and filters</span></h2><span /></div><div class="scenario"><span class="scenario_file">features/TMDB_homepage.feature:3</span><span class="tag">@T1</span><h3 onclick="Collapsible_toggle('scenario_0')" class="failed"><span class="val">Scenario: Verify that when the user searches for a keyword, the search returns results according to that keyword</span></h3><ol class="scenario_steps" id="scenario_0"><li class="step passed"><div class="step_name"><span class="keyword">Given </span><span class="step val">I am on TMDB home page</span><small class="step_duration">(2.483s)</small></div><div class="step_file"><span>steps/home_page_steps.py:3</span></div><span class="embed" /></li><li class="step passed"><div class="step_name"><span class="keyword">When </span><span class="step val"><span>I click on the search input and I enter "</span><b>King Kong</b><span>" text</span></span><small class="step_duration">(0.400s)</small></div><div class="step_file"><span>steps/home_page_steps.py:8</span></div><span class="embed" /></li><li class="step passed"><div class="step_name"><span class="keyword">When </span><span class="step val"><span>I click "</span><b>ENTER</b><span>"</span></span><small class="step_duration">(1.236s)</small></div><div class="step_file"><span>steps/home_page_steps.py:12</span></div><span class="embed" /></li><li class="step passed"><div class="step_name"><span class="keyword">Then </span><span class="step val"><span>I should have at least "</span><b>1</b><span>" results returned</span></span><small class="step_duration">(0.047s)</small></div><div class="step_file"><span>steps/search_results_steps.py:3</span></div><span class="embed" /></li><li class="step failed"><div class="step_name"><span class="keyword">Then </span><span class="step val"><span>The search results must have "</span><b>king kong</b><span>" in the movie/tv show title</span></span><small class="step_duration">(0.072s)</small></div><div class="step_file"><span>steps/search_results_steps.py:7</span></div><span class="embed"><a onclick="Collapsible_toggle('embed_1')">Error Message</a><pre id="embed_1" style="display: none">Assertion Failed: Error: the movie title is not correct</pre>    </span></li></ol><span /></div><div class="feature"><h2><span class="val">Feature: This feature will verify the behaviour of the log in functionality in oder to ensure proper functionality</span></h2><span /></div><div class="scenario"><span class="scenario_file">features/TMDB_login.feature:3</span><span class="tag">@T3</span><h3 onclick="Collapsible_toggle('scenario_1')" class="failed"><span class="val">Scenario: Verify that when the user inserts valid data into the input fields, then he is able to log into the application</span></h3><ol class="scenario_steps" id="scenario_1"><li class="step passed"><div class="step_name"><span class="keyword">Given </span><span class="step val">I am on TMDB home page</span><small class="step_duration">(0.802s)</small></div><div class="step_file"><span>steps/home_page_steps.py:3</span></div><span class="embed" /></li><li class="step passed"><div class="step_name"><span class="keyword">When </span><span class="step val">I click on the Login link</span><small class="step_duration">(0.736s)</small></div><div class="step_file"><span>steps/login_steps.py:3</span></div><span class="embed" /></li><li class="step passed"><div class="step_name"><span class="keyword">When </span><span class="step val"><span>I insert username as "</span><b>Danielabdr</b><span>"</span></span><small class="step_duration">(0.182s)</small></div><div class="step_file"><span>steps/login_steps.py:7</span></div><span class="embed" /></li><li class="step passed"><div class="step_name"><span class="keyword">When </span><span class="step val"><span>I insert password as "</span><b>Tmdb1994@#@#</b><span>"</span></span><small class="step_duration">(0.158s)</small></div><div class="step_file"><span>steps/login_steps.py:11</span></div><span class="embed" /></li><li class="step passed"><div class="step_name"><span class="keyword">When </span><span class="step val">I click on the Login button</span><small class="step_duration">(0.326s)</small></div><div class="step_file"><span>steps/login_steps.py:19</span></div><span class="embed" /></li><li class="step failed"><div class="step_name"><span class="keyword">Then </span><span class="step val">I should be able to log into the application</span><small class="step_duration">(0.293s)</small></div><div class="step_file"><span>steps/loggedin_account_steps.py:3</span></div><span class="embed"><a onclick="Collapsible_toggle('embed_2')">Error Message</a><pre id="embed_2" style="display: none">Assertion Failed: Error: "Danielabdr" not in current url page</pre>    </span></li></ol><span /></div><div class="scenario"><span class="scenario_file">features/TMDB_login.feature:22</span><span class="tag">@T4</span><h3 onclick="Collapsible_toggle('scenario_2')" class="failed"><span class="val">Scenario Outline: Verify that when the user inserts invalid data into the log in fields, then he is not able to log into the application -- @1.1 </span></h3><ol class="scenario_steps" id="scenario_2"><li class="step passed"><div class="step_name"><span class="keyword">Given </span><span class="step val">I am on TMDB home page</span><small class="step_duration">(0.667s)</small></div><div class="step_file"><span>steps/home_page_steps.py:3</span></div><span class="embed" /></li><li class="step passed"><div class="step_name"><span class="keyword">When </span><span class="step val">I click on the Login link</span><small class="step_duration">(0.788s)</small></div><div class="step_file"><span>steps/login_steps.py:3</span></div><span class="embed" /></li><li class="step passed"><div class="step_name"><span class="keyword">When </span><span class="step val"><span>I insert username as "</span><b>anamiariamaria</b><span>"</span></span><small class="step_duration">(0.211s)</small></div><div class="step_file"><span>steps/login_steps.py:7</span></div><span class="embed" /></li><li class="step passed"><div class="step_name"><span class="keyword">When </span><span class="step val"><span>I insert password as "</span><b>testestestest</b><span>"</span></span><small class="step_duration">(0.154s)</small></div><div class="step_file"><span>steps/login_steps.py:11</span></div><span class="embed" /></li><li class="step passed"><div class="step_name"><span class="keyword">When </span><span class="step val">I click on the Login button</span><small class="step_duration">(0.313s)</small></div><div class="step_file"><span>steps/login_steps.py:19</span></div><span class="embed" /></li><li class="step failed"><div class="step_name"><span class="keyword">Then </span><span class="step val"><span>I receive an error message "</span><b>Username or password is invalid. Please try again</b><span>"</span></span><small class="step_duration">(5.036s)</small></div><div class="step_file"><span>steps/login_steps.py:27</span></div><span class="embed"><a onclick="Collapsible_toggle('embed_3')">Error Message</a><pre id="embed_3" style="display: none">Traceback (most recent call last):
  File "C:\Users\Ovidiu\PycharmProjects\TMDB_BDD\venv\Lib\site-packages\behave\model.py", line 1329, in run
    match.run(runner.context)
  File "C:\Users\Ovidiu\PycharmProjects\TMDB_BDD\venv\Lib\site-packages\behave\matchers.py", line 98, in run
    self.func(context, *args, **kwargs)
  File "steps\login_steps.py", line 29, in step_impl
    context.login_page.check_error_message(error_message)
  File "C:\Users\Ovidiu\PycharmProjects\TMDB_BDD\pages\login_page.py", line 40, in check_error_message
    actual_message = self.driver.find_element(*self.USERNAME_AND_PASSWORD_ERROR_MESSAGE).text
                     ^^^^^^^^^^^^^^^^^^^^^^^^^^^^^^^^^^^^^^^^^^^^^^^^^^^^^^^^^^^^^^^^^^^
  File "C:\Users\Ovidiu\PycharmProjects\TMDB_BDD\venv\Lib\site-packages\seleniumbase\core\sb_driver.py", line 20, in find_element
    return self.driver.default_find_element(by=by, value=value)
           ^^^^^^^^^^^^^^^^^^^^^^^^^^^^^^^^^^^^^^^^^^^^^^^^^^^^
  File "C:\Users\Ovidiu\PycharmProjects\TMDB_BDD\venv\Lib\site-packages\selenium\webdriver\remote\webdriver.py", line 741, in find_element
    return self.execute(Command.FIND_ELEMENT, {"using": by, "value": value})["value"]
           ^^^^^^^^^^^^^^^^^^^^^^^^^^^^^^^^^^^^^^^^^^^^^^^^^^^^^^^^^^^^^^^^^
  File "C:\Users\Ovidiu\PycharmProjects\TMDB_BDD\venv\Lib\site-packages\selenium\webdriver\remote\webdriver.py", line 347, in execute
    self.error_handler.check_response(response)
  File "C:\Users\Ovidiu\PycharmProjects\TMDB_BDD\venv\Lib\site-packages\selenium\webdriver\remote\errorhandler.py", line 229, in check_response
    raise exception_class(message, screen, stacktrace)
selenium.common.exceptions.NoSuchElementException: Message: no such element: Unable to locate element: {"method":"xpath","selector":"//div[@class="content"]/ul"}
  (Session info: chrome=123.0.6312.124); For documentation on this error, please visit: https://www.selenium.dev/documentation/webdriver/troubleshooting/errors#no-such-element-exception
Stacktrace:
	GetHandleVerifier [0x00007FF650F47032+63090]
	(No symbol) [0x00007FF650EB2C82]
	(No symbol) [0x00007FF650D4EC65]
	(No symbol) [0x00007FF650D9499D]
	(No symbol) [0x00007FF650D94ADC]
	(No symbol) [0x00007FF650DD5B37]
	(No symbol) [0x00007FF650DB701F]
	(No symbol) [0x00007FF650DD3412]
	(No symbol) [0x00007FF650DB6D83]
	(No symbol) [0x00007FF650D883A8]
	(No symbol) [0x00007FF650D89441]
	GetHandleVerifier [0x00007FF6513425AD+4238317]
	GetHandleVerifier [0x00007FF65137F70D+4488525]
	GetHandleVerifier [0x00007FF6513779EF+4456495]
	GetHandleVerifier [0x00007FF651020576+953270]
	(No symbol) [0x00007FF650EBE54F]
	(No symbol) [0x00007FF650EB9224]
	(No symbol) [0x00007FF650EB935B]
	(No symbol) [0x00007FF650EA9B94]
	BaseThreadInitThunk [0x00007FFA200D7344+20]
	RtlUserThreadStart [0x00007FFA203426B1+33]

</pre>    </span></li></ol><span /></div><div class="scenario"><span class="scenario_file">features/TMDB_login.feature:23</span><span class="tag">@T4</span><h3 onclick="Collapsible_toggle('scenario_3')" class="failed"><span class="val">Scenario Outline: Verify that when the user inserts invalid data into the log in fields, then he is not able to log into the application -- @1.2 </span></h3><ol class="scenario_steps" id="scenario_3"><li class="step passed"><div class="step_name"><span class="keyword">Given </span><span class="step val">I am on TMDB home page</span><small class="step_duration">(0.660s)</small></div><div class="step_file"><span>steps/home_page_steps.py:3</span></div><span class="embed" /></li><li class="step passed"><div class="step_name"><span class="keyword">When </span><span class="step val">I click on the Login link</span><small class="step_duration">(0.740s)</small></div><div class="step_file"><span>steps/login_steps.py:3</span></div><span class="embed" /></li><li class="step passed"><div class="step_name"><span class="keyword">When </span><span class="step val"><span>I insert username as "</span><b>Danielabdr</b><span>"</span></span><small class="step_duration">(0.170s)</small></div><div class="step_file"><span>steps/login_steps.py:7</span></div><span class="embed" /></li><li class="step passed"><div class="step_name"><span class="keyword">When </span><span class="step val"><span>I insert password as "</span><b>123456789123456</b><span>"</span></span><small class="step_duration">(0.158s)</small></div><div class="step_file"><span>steps/login_steps.py:11</span></div><span class="embed" /></li><li class="step passed"><div class="step_name"><span class="keyword">When </span><span class="step val">I click on the Login button</span><small class="step_duration">(0.328s)</small></div><div class="step_file"><span>steps/login_steps.py:19</span></div><span class="embed" /></li><li class="step failed"><div class="step_name"><span class="keyword">Then </span><span class="step val"><span>I receive an error message "</span><b>Username or password is invalid. Please try agai</b><span>"</span></span><small class="step_duration">(5.072s)</small></div><div class="step_file"><span>steps/login_steps.py:27</span></div><span class="embed"><a onclick="Collapsible_toggle('embed_4')">Error Message</a><pre id="embed_4" style="display: none">Traceback (most recent call last):
  File "C:\Users\Ovidiu\PycharmProjects\TMDB_BDD\venv\Lib\site-packages\behave\model.py", line 1329, in run
    match.run(runner.context)
  File "C:\Users\Ovidiu\PycharmProjects\TMDB_BDD\venv\Lib\site-packages\behave\matchers.py", line 98, in run
    self.func(context, *args, **kwargs)
  File "steps\login_steps.py", line 29, in step_impl
    context.login_page.check_error_message(error_message)
  File "C:\Users\Ovidiu\PycharmProjects\TMDB_BDD\pages\login_page.py", line 40, in check_error_message
    actual_message = self.driver.find_element(*self.USERNAME_AND_PASSWORD_ERROR_MESSAGE).text
                     ^^^^^^^^^^^^^^^^^^^^^^^^^^^^^^^^^^^^^^^^^^^^^^^^^^^^^^^^^^^^^^^^^^^
  File "C:\Users\Ovidiu\PycharmProjects\TMDB_BDD\venv\Lib\site-packages\seleniumbase\core\sb_driver.py", line 20, in find_element
    return self.driver.default_find_element(by=by, value=value)
           ^^^^^^^^^^^^^^^^^^^^^^^^^^^^^^^^^^^^^^^^^^^^^^^^^^^^
  File "C:\Users\Ovidiu\PycharmProjects\TMDB_BDD\venv\Lib\site-packages\selenium\webdriver\remote\webdriver.py", line 741, in find_element
    return self.execute(Command.FIND_ELEMENT, {"using": by, "value": value})["value"]
           ^^^^^^^^^^^^^^^^^^^^^^^^^^^^^^^^^^^^^^^^^^^^^^^^^^^^^^^^^^^^^^^^^
  File "C:\Users\Ovidiu\PycharmProjects\TMDB_BDD\venv\Lib\site-packages\selenium\webdriver\remote\webdriver.py", line 347, in execute
    self.error_handler.check_response(response)
  File "C:\Users\Ovidiu\PycharmProjects\TMDB_BDD\venv\Lib\site-packages\selenium\webdriver\remote\errorhandler.py", line 229, in check_response
    raise exception_class(message, screen, stacktrace)
selenium.common.exceptions.NoSuchElementException: Message: no such element: Unable to locate element: {"method":"xpath","selector":"//div[@class="content"]/ul"}
  (Session info: chrome=123.0.6312.124); For documentation on this error, please visit: https://www.selenium.dev/documentation/webdriver/troubleshooting/errors#no-such-element-exception
Stacktrace:
	GetHandleVerifier [0x00007FF650F47032+63090]
	(No symbol) [0x00007FF650EB2C82]
	(No symbol) [0x00007FF650D4EC65]
	(No symbol) [0x00007FF650D9499D]
	(No symbol) [0x00007FF650D94ADC]
	(No symbol) [0x00007FF650DD5B37]
	(No symbol) [0x00007FF650DB701F]
	(No symbol) [0x00007FF650DD3412]
	(No symbol) [0x00007FF650DB6D83]
	(No symbol) [0x00007FF650D883A8]
	(No symbol) [0x00007FF650D89441]
	GetHandleVerifier [0x00007FF6513425AD+4238317]
	GetHandleVerifier [0x00007FF65137F70D+4488525]
	GetHandleVerifier [0x00007FF6513779EF+4456495]
	GetHandleVerifier [0x00007FF651020576+953270]
	(No symbol) [0x00007FF650EBE54F]
	(No symbol) [0x00007FF650EB9224]
	(No symbol) [0x00007FF650EB935B]
	(No symbol) [0x00007FF650EA9B94]
	BaseThreadInitThunk [0x00007FFA200D7344+20]
	RtlUserThreadStart [0x00007FFA203426B1+33]

</pre>    </span></li></ol><span /></div><div class="scenario"><span class="scenario_file">features/TMDB_login.feature:24</span><span class="tag">@T4</span><h3 onclick="Collapsible_toggle('scenario_4')" class="failed"><span class="val">Scenario Outline: Verify that when the user inserts invalid data into the log in fields, then he is not able to log into the application -- @1.3 </span></h3><ol class="scenario_steps" id="scenario_4"><li class="step passed"><div class="step_name"><span class="keyword">Given </span><span class="step val">I am on TMDB home page</span><small class="step_duration">(0.621s)</small></div><div class="step_file"><span>steps/home_page_steps.py:3</span></div><span class="embed" /></li><li class="step passed"><div class="step_name"><span class="keyword">When </span><span class="step val">I click on the Login link</span><small class="step_duration">(0.967s)</small></div><div class="step_file"><span>steps/login_steps.py:3</span></div><span class="embed" /></li><li class="step passed"><div class="step_name"><span class="keyword">When </span><span class="step val"><span>I insert username as "</span><b>Maria12344@#$%</b><span>"</span></span><small class="step_duration">(0.110s)</small></div><div class="step_file"><span>steps/login_steps.py:7</span></div><span class="embed" /></li><li class="step passed"><div class="step_name"><span class="keyword">When </span><span class="step val"><span>I insert password as "</span><b>Tmdb1994@#@#</b><span>"</span></span><small class="step_duration">(0.143s)</small></div><div class="step_file"><span>steps/login_steps.py:11</span></div><span class="embed" /></li><li class="step passed"><div class="step_name"><span class="keyword">When </span><span class="step val">I click on the Login button</span><small class="step_duration">(0.384s)</small></div><div class="step_file"><span>steps/login_steps.py:19</span></div><span class="embed" /></li><li class="step failed"><div class="step_name"><span class="keyword">Then </span><span class="step val"><span>I receive an error message "</span><b>Username or password is invalid. Please try agai</b><span>"</span></span><small class="step_duration">(5.045s)</small></div><div class="step_file"><span>steps/login_steps.py:27</span></div><span class="embed"><a onclick="Collapsible_toggle('embed_5')">Error Message</a><pre id="embed_5" style="display: none">Traceback (most recent call last):
  File "C:\Users\Ovidiu\PycharmProjects\TMDB_BDD\venv\Lib\site-packages\behave\model.py", line 1329, in run
    match.run(runner.context)
  File "C:\Users\Ovidiu\PycharmProjects\TMDB_BDD\venv\Lib\site-packages\behave\matchers.py", line 98, in run
    self.func(context, *args, **kwargs)
  File "steps\login_steps.py", line 29, in step_impl
    context.login_page.check_error_message(error_message)
  File "C:\Users\Ovidiu\PycharmProjects\TMDB_BDD\pages\login_page.py", line 40, in check_error_message
    actual_message = self.driver.find_element(*self.USERNAME_AND_PASSWORD_ERROR_MESSAGE).text
                     ^^^^^^^^^^^^^^^^^^^^^^^^^^^^^^^^^^^^^^^^^^^^^^^^^^^^^^^^^^^^^^^^^^^
  File "C:\Users\Ovidiu\PycharmProjects\TMDB_BDD\venv\Lib\site-packages\seleniumbase\core\sb_driver.py", line 20, in find_element
    return self.driver.default_find_element(by=by, value=value)
           ^^^^^^^^^^^^^^^^^^^^^^^^^^^^^^^^^^^^^^^^^^^^^^^^^^^^
  File "C:\Users\Ovidiu\PycharmProjects\TMDB_BDD\venv\Lib\site-packages\selenium\webdriver\remote\webdriver.py", line 741, in find_element
    return self.execute(Command.FIND_ELEMENT, {"using": by, "value": value})["value"]
           ^^^^^^^^^^^^^^^^^^^^^^^^^^^^^^^^^^^^^^^^^^^^^^^^^^^^^^^^^^^^^^^^^
  File "C:\Users\Ovidiu\PycharmProjects\TMDB_BDD\venv\Lib\site-packages\selenium\webdriver\remote\webdriver.py", line 347, in execute
    self.error_handler.check_response(response)
  File "C:\Users\Ovidiu\PycharmProjects\TMDB_BDD\venv\Lib\site-packages\selenium\webdriver\remote\errorhandler.py", line 229, in check_response
    raise exception_class(message, screen, stacktrace)
selenium.common.exceptions.NoSuchElementException: Message: no such element: Unable to locate element: {"method":"xpath","selector":"//div[@class="content"]/ul"}
  (Session info: chrome=123.0.6312.124); For documentation on this error, please visit: https://www.selenium.dev/documentation/webdriver/troubleshooting/errors#no-such-element-exception
Stacktrace:
	GetHandleVerifier [0x00007FF650F47032+63090]
	(No symbol) [0x00007FF650EB2C82]
	(No symbol) [0x00007FF650D4EC65]
	(No symbol) [0x00007FF650D9499D]
	(No symbol) [0x00007FF650D94ADC]
	(No symbol) [0x00007FF650DD5B37]
	(No symbol) [0x00007FF650DB701F]
	(No symbol) [0x00007FF650DD3412]
	(No symbol) [0x00007FF650DB6D83]
	(No symbol) [0x00007FF650D883A8]
	(No symbol) [0x00007FF650D89441]
	GetHandleVerifier [0x00007FF6513425AD+4238317]
	GetHandleVerifier [0x00007FF65137F70D+4488525]
	GetHandleVerifier [0x00007FF6513779EF+4456495]
	GetHandleVerifier [0x00007FF651020576+953270]
	(No symbol) [0x00007FF650EBE54F]
	(No symbol) [0x00007FF650EB9224]
	(No symbol) [0x00007FF650EB935B]
	(No symbol) [0x00007FF650EA9B94]
	BaseThreadInitThunk [0x00007FFA200D7344+20]
	RtlUserThreadStart [0x00007FFA203426B1+33]

</pre>    </span></li></ol><span /></div><div class="scenario"><span class="scenario_file">features/TMDB_login.feature:38</span><span class="tag">@T5</span><h3 onclick="Collapsible_toggle('scenario_5')" class="failed"><span class="val">Scenario Outline: Verify that when the user inserts invalid data into the log in fields more than 10 times, -- @1.1 </span></h3><ol class="scenario_steps" id="scenario_5"><li class="step passed"><div class="step_name"><span class="keyword">Given </span><span class="step val">I am on TMDB home page</span><small class="step_duration">(0.592s)</small></div><div class="step_file"><span>steps/home_page_steps.py:3</span></div><span class="embed" /></li><li class="step passed"><div class="step_name"><span class="keyword">When </span><span class="step val">I click on the Login link</span><small class="step_duration">(0.682s)</small></div><div class="step_file"><span>steps/login_steps.py:3</span></div><span class="embed" /></li><li class="step failed"><div class="step_name"><span class="keyword">When </span><span class="step val"><span>I try to login 11 times "</span><b>anamiariamaria</b><span>" and "</span><b>testestestest</b><span>"</span></span><small class="step_duration">(5.912s)</small></div><div class="step_file"><span>steps/login_steps.py:15</span></div><span class="embed"><a onclick="Collapsible_toggle('embed_6')">Error Message</a><pre id="embed_6" style="display: none">Traceback (most recent call last):
  File "C:\Users\Ovidiu\PycharmProjects\TMDB_BDD\venv\Lib\site-packages\behave\model.py", line 1329, in run
    match.run(runner.context)
  File "C:\Users\Ovidiu\PycharmProjects\TMDB_BDD\venv\Lib\site-packages\behave\matchers.py", line 98, in run
    self.func(context, *args, **kwargs)
  File "steps\login_steps.py", line 17, in step_impl
    context.login_page.insert_username_password_11_times(username, password)
  File "C:\Users\Ovidiu\PycharmProjects\TMDB_BDD\pages\login_page.py", line 30, in insert_username_password_11_times
    self.check_error_message("Username or password is invalid. Please try again")
  File "C:\Users\Ovidiu\PycharmProjects\TMDB_BDD\pages\login_page.py", line 40, in check_error_message
    actual_message = self.driver.find_element(*self.USERNAME_AND_PASSWORD_ERROR_MESSAGE).text
                     ^^^^^^^^^^^^^^^^^^^^^^^^^^^^^^^^^^^^^^^^^^^^^^^^^^^^^^^^^^^^^^^^^^^
  File "C:\Users\Ovidiu\PycharmProjects\TMDB_BDD\venv\Lib\site-packages\seleniumbase\core\sb_driver.py", line 20, in find_element
    return self.driver.default_find_element(by=by, value=value)
           ^^^^^^^^^^^^^^^^^^^^^^^^^^^^^^^^^^^^^^^^^^^^^^^^^^^^
  File "C:\Users\Ovidiu\PycharmProjects\TMDB_BDD\venv\Lib\site-packages\selenium\webdriver\remote\webdriver.py", line 741, in find_element
    return self.execute(Command.FIND_ELEMENT, {"using": by, "value": value})["value"]
           ^^^^^^^^^^^^^^^^^^^^^^^^^^^^^^^^^^^^^^^^^^^^^^^^^^^^^^^^^^^^^^^^^
  File "C:\Users\Ovidiu\PycharmProjects\TMDB_BDD\venv\Lib\site-packages\selenium\webdriver\remote\webdriver.py", line 347, in execute
    self.error_handler.check_response(response)
  File "C:\Users\Ovidiu\PycharmProjects\TMDB_BDD\venv\Lib\site-packages\selenium\webdriver\remote\errorhandler.py", line 229, in check_response
    raise exception_class(message, screen, stacktrace)
selenium.common.exceptions.NoSuchElementException: Message: no such element: Unable to locate element: {"method":"xpath","selector":"//div[@class="content"]/ul"}
  (Session info: chrome=123.0.6312.124); For documentation on this error, please visit: https://www.selenium.dev/documentation/webdriver/troubleshooting/errors#no-such-element-exception
Stacktrace:
	GetHandleVerifier [0x00007FF650F47032+63090]
	(No symbol) [0x00007FF650EB2C82]
	(No symbol) [0x00007FF650D4EC65]
	(No symbol) [0x00007FF650D9499D]
	(No symbol) [0x00007FF650D94ADC]
	(No symbol) [0x00007FF650DD5B37]
	(No symbol) [0x00007FF650DB701F]
	(No symbol) [0x00007FF650DD3412]
	(No symbol) [0x00007FF650DB6D83]
	(No symbol) [0x00007FF650D883A8]
	(No symbol) [0x00007FF650D89441]
	GetHandleVerifier [0x00007FF6513425AD+4238317]
	GetHandleVerifier [0x00007FF65137F70D+4488525]
	GetHandleVerifier [0x00007FF6513779EF+4456495]
	GetHandleVerifier [0x00007FF651020576+953270]
	(No symbol) [0x00007FF650EBE54F]
	(No symbol) [0x00007FF650EB9224]
	(No symbol) [0x00007FF650EB935B]
	(No symbol) [0x00007FF650EA9B94]
	BaseThreadInitThunk [0x00007FFA200D7344+20]
	RtlUserThreadStart [0x00007FFA203426B1+33]

</pre>    </span></li></ol><span /></div><div class="scenario"><span class="scenario_file">features/TMDB_login.feature:39</span><span class="tag">@T5</span><h3 onclick="Collapsible_toggle('scenario_6')" class="failed"><span class="val">Scenario Outline: Verify that when the user inserts invalid data into the log in fields more than 10 times, -- @1.2 </span></h3><ol class="scenario_steps" id="scenario_6"><li class="step passed"><div class="step_name"><span class="keyword">Given </span><span class="step val">I am on TMDB home page</span><small class="step_duration">(2.455s)</small></div><div class="step_file"><span>steps/home_page_steps.py:3</span></div><span class="embed" /></li><li class="step passed"><div class="step_name"><span class="keyword">When </span><span class="step val">I click on the Login link</span><small class="step_duration">(0.610s)</small></div><div class="step_file"><span>steps/login_steps.py:3</span></div><span class="embed" /></li><li class="step failed"><div class="step_name"><span class="keyword">When </span><span class="step val"><span>I try to login 11 times "</span><b>Danielabdr</b><span>" and "</span><b>123456789123456</b><span>"</span></span><small class="step_duration">(5.923s)</small></div><div class="step_file"><span>steps/login_steps.py:15</span></div><span class="embed"><a onclick="Collapsible_toggle('embed_7')">Error Message</a><pre id="embed_7" style="display: none">Traceback (most recent call last):
  File "C:\Users\Ovidiu\PycharmProjects\TMDB_BDD\venv\Lib\site-packages\behave\model.py", line 1329, in run
    match.run(runner.context)
  File "C:\Users\Ovidiu\PycharmProjects\TMDB_BDD\venv\Lib\site-packages\behave\matchers.py", line 98, in run
    self.func(context, *args, **kwargs)
  File "steps\login_steps.py", line 17, in step_impl
    context.login_page.insert_username_password_11_times(username, password)
  File "C:\Users\Ovidiu\PycharmProjects\TMDB_BDD\pages\login_page.py", line 30, in insert_username_password_11_times
    self.check_error_message("Username or password is invalid. Please try again")
  File "C:\Users\Ovidiu\PycharmProjects\TMDB_BDD\pages\login_page.py", line 40, in check_error_message
    actual_message = self.driver.find_element(*self.USERNAME_AND_PASSWORD_ERROR_MESSAGE).text
                     ^^^^^^^^^^^^^^^^^^^^^^^^^^^^^^^^^^^^^^^^^^^^^^^^^^^^^^^^^^^^^^^^^^^
  File "C:\Users\Ovidiu\PycharmProjects\TMDB_BDD\venv\Lib\site-packages\seleniumbase\core\sb_driver.py", line 20, in find_element
    return self.driver.default_find_element(by=by, value=value)
           ^^^^^^^^^^^^^^^^^^^^^^^^^^^^^^^^^^^^^^^^^^^^^^^^^^^^
  File "C:\Users\Ovidiu\PycharmProjects\TMDB_BDD\venv\Lib\site-packages\selenium\webdriver\remote\webdriver.py", line 741, in find_element
    return self.execute(Command.FIND_ELEMENT, {"using": by, "value": value})["value"]
           ^^^^^^^^^^^^^^^^^^^^^^^^^^^^^^^^^^^^^^^^^^^^^^^^^^^^^^^^^^^^^^^^^
  File "C:\Users\Ovidiu\PycharmProjects\TMDB_BDD\venv\Lib\site-packages\selenium\webdriver\remote\webdriver.py", line 347, in execute
    self.error_handler.check_response(response)
  File "C:\Users\Ovidiu\PycharmProjects\TMDB_BDD\venv\Lib\site-packages\selenium\webdriver\remote\errorhandler.py", line 229, in check_response
    raise exception_class(message, screen, stacktrace)
selenium.common.exceptions.NoSuchElementException: Message: no such element: Unable to locate element: {"method":"xpath","selector":"//div[@class="content"]/ul"}
  (Session info: chrome=123.0.6312.124); For documentation on this error, please visit: https://www.selenium.dev/documentation/webdriver/troubleshooting/errors#no-such-element-exception
Stacktrace:
	GetHandleVerifier [0x00007FF650F47032+63090]
	(No symbol) [0x00007FF650EB2C82]
	(No symbol) [0x00007FF650D4EC65]
	(No symbol) [0x00007FF650D9499D]
	(No symbol) [0x00007FF650D94ADC]
	(No symbol) [0x00007FF650DD5B37]
	(No symbol) [0x00007FF650DB701F]
	(No symbol) [0x00007FF650DD3412]
	(No symbol) [0x00007FF650DB6D83]
	(No symbol) [0x00007FF650D883A8]
	(No symbol) [0x00007FF650D89441]
	GetHandleVerifier [0x00007FF6513425AD+4238317]
	GetHandleVerifier [0x00007FF65137F70D+4488525]
	GetHandleVerifier [0x00007FF6513779EF+4456495]
	GetHandleVerifier [0x00007FF651020576+953270]
	(No symbol) [0x00007FF650EBE54F]
	(No symbol) [0x00007FF650EB9224]
	(No symbol) [0x00007FF650EB935B]
	(No symbol) [0x00007FF650EA9B94]
	BaseThreadInitThunk [0x00007FFA200D7344+20]
	RtlUserThreadStart [0x00007FFA203426B1+33]

</pre>    </span></li></ol><span /></div><div class="scenario"><span class="scenario_file">features/TMDB_login.feature:40</span><span class="tag">@T5</span><h3 onclick="Collapsible_toggle('scenario_7')" class="failed"><span class="val">Scenario Outline: Verify that when the user inserts invalid data into the log in fields more than 10 times, -- @1.3 </span></h3><ol class="scenario_steps" id="scenario_7"><li class="step passed"><div class="step_name"><span class="keyword">Given </span><span class="step val">I am on TMDB home page</span><small class="step_duration">(0.756s)</small></div><div class="step_file"><span>steps/home_page_steps.py:3</span></div><span class="embed" /></li><li class="step passed"><div class="step_name"><span class="keyword">When </span><span class="step val">I click on the Login link</span><small class="step_duration">(0.789s)</small></div><div class="step_file"><span>steps/login_steps.py:3</span></div><span class="embed" /></li><li class="step failed"><div class="step_name"><span class="keyword">When </span><span class="step val"><span>I try to login 11 times "</span><b>Maria12344@#$%</b><span>" and "</span><b>Tmdb1994@#@#</b><span>"</span></span><small class="step_duration">(6.073s)</small></div><div class="step_file"><span>steps/login_steps.py:15</span></div><span class="embed"><a onclick="Collapsible_toggle('embed_8')">Error Message</a><pre id="embed_8" style="display: none">Traceback (most recent call last):
  File "C:\Users\Ovidiu\PycharmProjects\TMDB_BDD\venv\Lib\site-packages\behave\model.py", line 1329, in run
    match.run(runner.context)
  File "C:\Users\Ovidiu\PycharmProjects\TMDB_BDD\venv\Lib\site-packages\behave\matchers.py", line 98, in run
    self.func(context, *args, **kwargs)
  File "steps\login_steps.py", line 17, in step_impl
    context.login_page.insert_username_password_11_times(username, password)
  File "C:\Users\Ovidiu\PycharmProjects\TMDB_BDD\pages\login_page.py", line 30, in insert_username_password_11_times
    self.check_error_message("Username or password is invalid. Please try again")
  File "C:\Users\Ovidiu\PycharmProjects\TMDB_BDD\pages\login_page.py", line 40, in check_error_message
    actual_message = self.driver.find_element(*self.USERNAME_AND_PASSWORD_ERROR_MESSAGE).text
                     ^^^^^^^^^^^^^^^^^^^^^^^^^^^^^^^^^^^^^^^^^^^^^^^^^^^^^^^^^^^^^^^^^^^
  File "C:\Users\Ovidiu\PycharmProjects\TMDB_BDD\venv\Lib\site-packages\seleniumbase\core\sb_driver.py", line 20, in find_element
    return self.driver.default_find_element(by=by, value=value)
           ^^^^^^^^^^^^^^^^^^^^^^^^^^^^^^^^^^^^^^^^^^^^^^^^^^^^
  File "C:\Users\Ovidiu\PycharmProjects\TMDB_BDD\venv\Lib\site-packages\selenium\webdriver\remote\webdriver.py", line 741, in find_element
    return self.execute(Command.FIND_ELEMENT, {"using": by, "value": value})["value"]
           ^^^^^^^^^^^^^^^^^^^^^^^^^^^^^^^^^^^^^^^^^^^^^^^^^^^^^^^^^^^^^^^^^
  File "C:\Users\Ovidiu\PycharmProjects\TMDB_BDD\venv\Lib\site-packages\selenium\webdriver\remote\webdriver.py", line 347, in execute
    self.error_handler.check_response(response)
  File "C:\Users\Ovidiu\PycharmProjects\TMDB_BDD\venv\Lib\site-packages\selenium\webdriver\remote\errorhandler.py", line 229, in check_response
    raise exception_class(message, screen, stacktrace)
selenium.common.exceptions.NoSuchElementException: Message: no such element: Unable to locate element: {"method":"xpath","selector":"//div[@class="content"]/ul"}
  (Session info: chrome=123.0.6312.124); For documentation on this error, please visit: https://www.selenium.dev/documentation/webdriver/troubleshooting/errors#no-such-element-exception
Stacktrace:
	GetHandleVerifier [0x00007FF650F47032+63090]
	(No symbol) [0x00007FF650EB2C82]
	(No symbol) [0x00007FF650D4EC65]
	(No symbol) [0x00007FF650D9499D]
	(No symbol) [0x00007FF650D94ADC]
	(No symbol) [0x00007FF650DD5B37]
	(No symbol) [0x00007FF650DB701F]
	(No symbol) [0x00007FF650DD3412]
	(No symbol) [0x00007FF650DB6D83]
	(No symbol) [0x00007FF650D883A8]
	(No symbol) [0x00007FF650D89441]
	GetHandleVerifier [0x00007FF6513425AD+4238317]
	GetHandleVerifier [0x00007FF65137F70D+4488525]
	GetHandleVerifier [0x00007FF6513779EF+4456495]
	GetHandleVerifier [0x00007FF651020576+953270]
	(No symbol) [0x00007FF650EBE54F]
	(No symbol) [0x00007FF650EB9224]
	(No symbol) [0x00007FF650EB935B]
	(No symbol) [0x00007FF650EA9B94]
	BaseThreadInitThunk [0x00007FFA200D7344+20]
	RtlUserThreadStart [0x00007FFA203426B1+33]

</pre>    </span></li></ol><span /></div><div class="scenario"><span class="scenario_file">features/TMDB_login.feature:41</span><span class="tag">@T5</span><h3 onclick="Collapsible_toggle('scenario_8')" class="failed"><span class="val">Scenario Outline: Verify that when the user inserts invalid data into the log in fields more than 10 times, -- @1.4 </span></h3><ol class="scenario_steps" id="scenario_8"><li class="step passed"><div class="step_name"><span class="keyword">Given </span><span class="step val">I am on TMDB home page</span><small class="step_duration">(0.613s)</small></div><div class="step_file"><span>steps/home_page_steps.py:3</span></div><span class="embed" /></li><li class="step passed"><div class="step_name"><span class="keyword">When </span><span class="step val">I click on the Login link</span><small class="step_duration">(0.703s)</small></div><div class="step_file"><span>steps/login_steps.py:3</span></div><span class="embed" /></li><li class="step failed"><div class="step_name"><span class="keyword">When </span><span class="step val"><span>I try to login 11 times "</span><b>anamiariamaria</b><span>" and "</span><b>testestestest</b><span>"</span></span><small class="step_duration">(5.842s)</small></div><div class="step_file"><span>steps/login_steps.py:15</span></div><span class="embed"><a onclick="Collapsible_toggle('embed_9')">Error Message</a><pre id="embed_9" style="display: none">Traceback (most recent call last):
  File "C:\Users\Ovidiu\PycharmProjects\TMDB_BDD\venv\Lib\site-packages\behave\model.py", line 1329, in run
    match.run(runner.context)
  File "C:\Users\Ovidiu\PycharmProjects\TMDB_BDD\venv\Lib\site-packages\behave\matchers.py", line 98, in run
    self.func(context, *args, **kwargs)
  File "steps\login_steps.py", line 17, in step_impl
    context.login_page.insert_username_password_11_times(username, password)
  File "C:\Users\Ovidiu\PycharmProjects\TMDB_BDD\pages\login_page.py", line 30, in insert_username_password_11_times
    self.check_error_message("Username or password is invalid. Please try again")
  File "C:\Users\Ovidiu\PycharmProjects\TMDB_BDD\pages\login_page.py", line 40, in check_error_message
    actual_message = self.driver.find_element(*self.USERNAME_AND_PASSWORD_ERROR_MESSAGE).text
                     ^^^^^^^^^^^^^^^^^^^^^^^^^^^^^^^^^^^^^^^^^^^^^^^^^^^^^^^^^^^^^^^^^^^
  File "C:\Users\Ovidiu\PycharmProjects\TMDB_BDD\venv\Lib\site-packages\seleniumbase\core\sb_driver.py", line 20, in find_element
    return self.driver.default_find_element(by=by, value=value)
           ^^^^^^^^^^^^^^^^^^^^^^^^^^^^^^^^^^^^^^^^^^^^^^^^^^^^
  File "C:\Users\Ovidiu\PycharmProjects\TMDB_BDD\venv\Lib\site-packages\selenium\webdriver\remote\webdriver.py", line 741, in find_element
    return self.execute(Command.FIND_ELEMENT, {"using": by, "value": value})["value"]
           ^^^^^^^^^^^^^^^^^^^^^^^^^^^^^^^^^^^^^^^^^^^^^^^^^^^^^^^^^^^^^^^^^
  File "C:\Users\Ovidiu\PycharmProjects\TMDB_BDD\venv\Lib\site-packages\selenium\webdriver\remote\webdriver.py", line 347, in execute
    self.error_handler.check_response(response)
  File "C:\Users\Ovidiu\PycharmProjects\TMDB_BDD\venv\Lib\site-packages\selenium\webdriver\remote\errorhandler.py", line 229, in check_response
    raise exception_class(message, screen, stacktrace)
selenium.common.exceptions.NoSuchElementException: Message: no such element: Unable to locate element: {"method":"xpath","selector":"//div[@class="content"]/ul"}
  (Session info: chrome=123.0.6312.124); For documentation on this error, please visit: https://www.selenium.dev/documentation/webdriver/troubleshooting/errors#no-such-element-exception
Stacktrace:
	GetHandleVerifier [0x00007FF650F47032+63090]
	(No symbol) [0x00007FF650EB2C82]
	(No symbol) [0x00007FF650D4EC65]
	(No symbol) [0x00007FF650D9499D]
	(No symbol) [0x00007FF650D94ADC]
	(No symbol) [0x00007FF650DD5B37]
	(No symbol) [0x00007FF650DB701F]
	(No symbol) [0x00007FF650DD3412]
	(No symbol) [0x00007FF650DB6D83]
	(No symbol) [0x00007FF650D883A8]
	(No symbol) [0x00007FF650D89441]
	GetHandleVerifier [0x00007FF6513425AD+4238317]
	GetHandleVerifier [0x00007FF65137F70D+4488525]
	GetHandleVerifier [0x00007FF6513779EF+4456495]
	GetHandleVerifier [0x00007FF651020576+953270]
	(No symbol) [0x00007FF650EBE54F]
	(No symbol) [0x00007FF650EB9224]
	(No symbol) [0x00007FF650EB935B]
	(No symbol) [0x00007FF650EA9B94]
	BaseThreadInitThunk [0x00007FFA200D7344+20]
	RtlUserThreadStart [0x00007FFA203426B1+33]

</pre>    </span></li></ol><span /></div><div class="scenario"><span class="scenario_file">features/TMDB_login.feature:42</span><span class="tag">@T5</span><h3 onclick="Collapsible_toggle('scenario_9')" class="failed"><span class="val">Scenario Outline: Verify that when the user inserts invalid data into the log in fields more than 10 times, -- @1.5 </span></h3><ol class="scenario_steps" id="scenario_9"><li class="step passed"><div class="step_name"><span class="keyword">Given </span><span class="step val">I am on TMDB home page</span><small class="step_duration">(0.909s)</small></div><div class="step_file"><span>steps/home_page_steps.py:3</span></div><span class="embed" /></li><li class="step passed"><div class="step_name"><span class="keyword">When </span><span class="step val">I click on the Login link</span><small class="step_duration">(0.617s)</small></div><div class="step_file"><span>steps/login_steps.py:3</span></div><span class="embed" /></li><li class="step failed"><div class="step_name"><span class="keyword">When </span><span class="step val"><span>I try to login 11 times "</span><b>Danielabdr</b><span>" and "</span><b>123456789123456</b><span>"</span></span><small class="step_duration">(6.035s)</small></div><div class="step_file"><span>steps/login_steps.py:15</span></div><span class="embed"><a onclick="Collapsible_toggle('embed_10')">Error Message</a><pre id="embed_10" style="display: none">Traceback (most recent call last):
  File "C:\Users\Ovidiu\PycharmProjects\TMDB_BDD\venv\Lib\site-packages\behave\model.py", line 1329, in run
    match.run(runner.context)
  File "C:\Users\Ovidiu\PycharmProjects\TMDB_BDD\venv\Lib\site-packages\behave\matchers.py", line 98, in run
    self.func(context, *args, **kwargs)
  File "steps\login_steps.py", line 17, in step_impl
    context.login_page.insert_username_password_11_times(username, password)
  File "C:\Users\Ovidiu\PycharmProjects\TMDB_BDD\pages\login_page.py", line 30, in insert_username_password_11_times
    self.check_error_message("Username or password is invalid. Please try again")
  File "C:\Users\Ovidiu\PycharmProjects\TMDB_BDD\pages\login_page.py", line 40, in check_error_message
    actual_message = self.driver.find_element(*self.USERNAME_AND_PASSWORD_ERROR_MESSAGE).text
                     ^^^^^^^^^^^^^^^^^^^^^^^^^^^^^^^^^^^^^^^^^^^^^^^^^^^^^^^^^^^^^^^^^^^
  File "C:\Users\Ovidiu\PycharmProjects\TMDB_BDD\venv\Lib\site-packages\seleniumbase\core\sb_driver.py", line 20, in find_element
    return self.driver.default_find_element(by=by, value=value)
           ^^^^^^^^^^^^^^^^^^^^^^^^^^^^^^^^^^^^^^^^^^^^^^^^^^^^
  File "C:\Users\Ovidiu\PycharmProjects\TMDB_BDD\venv\Lib\site-packages\selenium\webdriver\remote\webdriver.py", line 741, in find_element
    return self.execute(Command.FIND_ELEMENT, {"using": by, "value": value})["value"]
           ^^^^^^^^^^^^^^^^^^^^^^^^^^^^^^^^^^^^^^^^^^^^^^^^^^^^^^^^^^^^^^^^^
  File "C:\Users\Ovidiu\PycharmProjects\TMDB_BDD\venv\Lib\site-packages\selenium\webdriver\remote\webdriver.py", line 347, in execute
    self.error_handler.check_response(response)
  File "C:\Users\Ovidiu\PycharmProjects\TMDB_BDD\venv\Lib\site-packages\selenium\webdriver\remote\errorhandler.py", line 229, in check_response
    raise exception_class(message, screen, stacktrace)
selenium.common.exceptions.NoSuchElementException: Message: no such element: Unable to locate element: {"method":"xpath","selector":"//div[@class="content"]/ul"}
  (Session info: chrome=123.0.6312.124); For documentation on this error, please visit: https://www.selenium.dev/documentation/webdriver/troubleshooting/errors#no-such-element-exception
Stacktrace:
	GetHandleVerifier [0x00007FF650F47032+63090]
	(No symbol) [0x00007FF650EB2C82]
	(No symbol) [0x00007FF650D4EC65]
	(No symbol) [0x00007FF650D9499D]
	(No symbol) [0x00007FF650D94ADC]
	(No symbol) [0x00007FF650DD5B37]
	(No symbol) [0x00007FF650DB701F]
	(No symbol) [0x00007FF650DD3412]
	(No symbol) [0x00007FF650DB6D83]
	(No symbol) [0x00007FF650D883A8]
	(No symbol) [0x00007FF650D89441]
	GetHandleVerifier [0x00007FF6513425AD+4238317]
	GetHandleVerifier [0x00007FF65137F70D+4488525]
	GetHandleVerifier [0x00007FF6513779EF+4456495]
	GetHandleVerifier [0x00007FF651020576+953270]
	(No symbol) [0x00007FF650EBE54F]
	(No symbol) [0x00007FF650EB9224]
	(No symbol) [0x00007FF650EB935B]
	(No symbol) [0x00007FF650EA9B94]
	BaseThreadInitThunk [0x00007FFA200D7344+20]
	RtlUserThreadStart [0x00007FFA203426B1+33]

</pre>    </span></li></ol><span /></div><div class="scenario"><span class="scenario_file">features/TMDB_login.feature:43</span><span class="tag">@T5</span><h3 onclick="Collapsible_toggle('scenario_10')" class="failed"><span class="val">Scenario Outline: Verify that when the user inserts invalid data into the log in fields more than 10 times, -- @1.6 </span></h3><ol class="scenario_steps" id="scenario_10"><li class="step passed"><div class="step_name"><span class="keyword">Given </span><span class="step val">I am on TMDB home page</span><small class="step_duration">(0.757s)</small></div><div class="step_file"><span>steps/home_page_steps.py:3</span></div><span class="embed" /></li><li class="step passed"><div class="step_name"><span class="keyword">When </span><span class="step val">I click on the Login link</span><small class="step_duration">(0.706s)</small></div><div class="step_file"><span>steps/login_steps.py:3</span></div><span class="embed" /></li><li class="step failed"><div class="step_name"><span class="keyword">When </span><span class="step val"><span>I try to login 11 times "</span><b>Maria12344@#$%</b><span>" and "</span><b>Tmdb1994@#@#</b><span>"</span></span><small class="step_duration">(5.944s)</small></div><div class="step_file"><span>steps/login_steps.py:15</span></div><span class="embed"><a onclick="Collapsible_toggle('embed_11')">Error Message</a><pre id="embed_11" style="display: none">Traceback (most recent call last):
  File "C:\Users\Ovidiu\PycharmProjects\TMDB_BDD\venv\Lib\site-packages\behave\model.py", line 1329, in run
    match.run(runner.context)
  File "C:\Users\Ovidiu\PycharmProjects\TMDB_BDD\venv\Lib\site-packages\behave\matchers.py", line 98, in run
    self.func(context, *args, **kwargs)
  File "steps\login_steps.py", line 17, in step_impl
    context.login_page.insert_username_password_11_times(username, password)
  File "C:\Users\Ovidiu\PycharmProjects\TMDB_BDD\pages\login_page.py", line 30, in insert_username_password_11_times
    self.check_error_message("Username or password is invalid. Please try again")
  File "C:\Users\Ovidiu\PycharmProjects\TMDB_BDD\pages\login_page.py", line 40, in check_error_message
    actual_message = self.driver.find_element(*self.USERNAME_AND_PASSWORD_ERROR_MESSAGE).text
                     ^^^^^^^^^^^^^^^^^^^^^^^^^^^^^^^^^^^^^^^^^^^^^^^^^^^^^^^^^^^^^^^^^^^
  File "C:\Users\Ovidiu\PycharmProjects\TMDB_BDD\venv\Lib\site-packages\seleniumbase\core\sb_driver.py", line 20, in find_element
    return self.driver.default_find_element(by=by, value=value)
           ^^^^^^^^^^^^^^^^^^^^^^^^^^^^^^^^^^^^^^^^^^^^^^^^^^^^
  File "C:\Users\Ovidiu\PycharmProjects\TMDB_BDD\venv\Lib\site-packages\selenium\webdriver\remote\webdriver.py", line 741, in find_element
    return self.execute(Command.FIND_ELEMENT, {"using": by, "value": value})["value"]
           ^^^^^^^^^^^^^^^^^^^^^^^^^^^^^^^^^^^^^^^^^^^^^^^^^^^^^^^^^^^^^^^^^
  File "C:\Users\Ovidiu\PycharmProjects\TMDB_BDD\venv\Lib\site-packages\selenium\webdriver\remote\webdriver.py", line 347, in execute
    self.error_handler.check_response(response)
  File "C:\Users\Ovidiu\PycharmProjects\TMDB_BDD\venv\Lib\site-packages\selenium\webdriver\remote\errorhandler.py", line 229, in check_response
    raise exception_class(message, screen, stacktrace)
selenium.common.exceptions.NoSuchElementException: Message: no such element: Unable to locate element: {"method":"xpath","selector":"//div[@class="content"]/ul"}
  (Session info: chrome=123.0.6312.124); For documentation on this error, please visit: https://www.selenium.dev/documentation/webdriver/troubleshooting/errors#no-such-element-exception
Stacktrace:
	GetHandleVerifier [0x00007FF650F47032+63090]
	(No symbol) [0x00007FF650EB2C82]
	(No symbol) [0x00007FF650D4EC65]
	(No symbol) [0x00007FF650D9499D]
	(No symbol) [0x00007FF650D94ADC]
	(No symbol) [0x00007FF650DD5B37]
	(No symbol) [0x00007FF650DB701F]
	(No symbol) [0x00007FF650DD3412]
	(No symbol) [0x00007FF650DB6D83]
	(No symbol) [0x00007FF650D883A8]
	(No symbol) [0x00007FF650D89441]
	GetHandleVerifier [0x00007FF6513425AD+4238317]
	GetHandleVerifier [0x00007FF65137F70D+4488525]
	GetHandleVerifier [0x00007FF6513779EF+4456495]
	GetHandleVerifier [0x00007FF651020576+953270]
	(No symbol) [0x00007FF650EBE54F]
	(No symbol) [0x00007FF650EB9224]
	(No symbol) [0x00007FF650EB935B]
	(No symbol) [0x00007FF650EA9B94]
	BaseThreadInitThunk [0x00007FFA200D7344+20]
	RtlUserThreadStart [0x00007FFA203426B1+33]

</pre>    </span></li></ol><span /></div><div class="scenario"><span class="scenario_file">features/TMDB_login.feature:44</span><span class="tag">@T5</span><h3 onclick="Collapsible_toggle('scenario_11')" class="failed"><span class="val">Scenario Outline: Verify that when the user inserts invalid data into the log in fields more than 10 times, -- @1.7 </span></h3><ol class="scenario_steps" id="scenario_11"><li class="step passed"><div class="step_name"><span class="keyword">Given </span><span class="step val">I am on TMDB home page</span><small class="step_duration">(0.655s)</small></div><div class="step_file"><span>steps/home_page_steps.py:3</span></div><span class="embed" /></li><li class="step passed"><div class="step_name"><span class="keyword">When </span><span class="step val">I click on the Login link</span><small class="step_duration">(0.687s)</small></div><div class="step_file"><span>steps/login_steps.py:3</span></div><span class="embed" /></li><li class="step failed"><div class="step_name"><span class="keyword">When </span><span class="step val"><span>I try to login 11 times "</span><b>anamiariamaria</b><span>" and "</span><b>testestestest</b><span>"</span></span><small class="step_duration">(5.669s)</small></div><div class="step_file"><span>steps/login_steps.py:15</span></div><span class="embed"><a onclick="Collapsible_toggle('embed_12')">Error Message</a><pre id="embed_12" style="display: none">Traceback (most recent call last):
  File "C:\Users\Ovidiu\PycharmProjects\TMDB_BDD\venv\Lib\site-packages\behave\model.py", line 1329, in run
    match.run(runner.context)
  File "C:\Users\Ovidiu\PycharmProjects\TMDB_BDD\venv\Lib\site-packages\behave\matchers.py", line 98, in run
    self.func(context, *args, **kwargs)
  File "steps\login_steps.py", line 17, in step_impl
    context.login_page.insert_username_password_11_times(username, password)
  File "C:\Users\Ovidiu\PycharmProjects\TMDB_BDD\pages\login_page.py", line 30, in insert_username_password_11_times
    self.check_error_message("Username or password is invalid. Please try again")
  File "C:\Users\Ovidiu\PycharmProjects\TMDB_BDD\pages\login_page.py", line 40, in check_error_message
    actual_message = self.driver.find_element(*self.USERNAME_AND_PASSWORD_ERROR_MESSAGE).text
                     ^^^^^^^^^^^^^^^^^^^^^^^^^^^^^^^^^^^^^^^^^^^^^^^^^^^^^^^^^^^^^^^^^^^
  File "C:\Users\Ovidiu\PycharmProjects\TMDB_BDD\venv\Lib\site-packages\seleniumbase\core\sb_driver.py", line 20, in find_element
    return self.driver.default_find_element(by=by, value=value)
           ^^^^^^^^^^^^^^^^^^^^^^^^^^^^^^^^^^^^^^^^^^^^^^^^^^^^
  File "C:\Users\Ovidiu\PycharmProjects\TMDB_BDD\venv\Lib\site-packages\selenium\webdriver\remote\webdriver.py", line 741, in find_element
    return self.execute(Command.FIND_ELEMENT, {"using": by, "value": value})["value"]
           ^^^^^^^^^^^^^^^^^^^^^^^^^^^^^^^^^^^^^^^^^^^^^^^^^^^^^^^^^^^^^^^^^
  File "C:\Users\Ovidiu\PycharmProjects\TMDB_BDD\venv\Lib\site-packages\selenium\webdriver\remote\webdriver.py", line 347, in execute
    self.error_handler.check_response(response)
  File "C:\Users\Ovidiu\PycharmProjects\TMDB_BDD\venv\Lib\site-packages\selenium\webdriver\remote\errorhandler.py", line 229, in check_response
    raise exception_class(message, screen, stacktrace)
selenium.common.exceptions.NoSuchElementException: Message: no such element: Unable to locate element: {"method":"xpath","selector":"//div[@class="content"]/ul"}
  (Session info: chrome=123.0.6312.124); For documentation on this error, please visit: https://www.selenium.dev/documentation/webdriver/troubleshooting/errors#no-such-element-exception
Stacktrace:
	GetHandleVerifier [0x00007FF650F47032+63090]
	(No symbol) [0x00007FF650EB2C82]
	(No symbol) [0x00007FF650D4EC65]
	(No symbol) [0x00007FF650D9499D]
	(No symbol) [0x00007FF650D94ADC]
	(No symbol) [0x00007FF650DD5B37]
	(No symbol) [0x00007FF650DB701F]
	(No symbol) [0x00007FF650DD3412]
	(No symbol) [0x00007FF650DB6D83]
	(No symbol) [0x00007FF650D883A8]
	(No symbol) [0x00007FF650D89441]
	GetHandleVerifier [0x00007FF6513425AD+4238317]
	GetHandleVerifier [0x00007FF65137F70D+4488525]
	GetHandleVerifier [0x00007FF6513779EF+4456495]
	GetHandleVerifier [0x00007FF651020576+953270]
	(No symbol) [0x00007FF650EBE54F]
	(No symbol) [0x00007FF650EB9224]
	(No symbol) [0x00007FF650EB935B]
	(No symbol) [0x00007FF650EA9B94]
	BaseThreadInitThunk [0x00007FFA200D7344+20]
	RtlUserThreadStart [0x00007FFA203426B1+33]

</pre>    </span></li></ol><span /></div><div class="scenario"><span class="scenario_file">features/TMDB_login.feature:45</span><span class="tag">@T5</span><h3 onclick="Collapsible_toggle('scenario_12')" class="failed"><span class="val">Scenario Outline: Verify that when the user inserts invalid data into the log in fields more than 10 times, -- @1.8 </span></h3><ol class="scenario_steps" id="scenario_12"><li class="step passed"><div class="step_name"><span class="keyword">Given </span><span class="step val">I am on TMDB home page</span><small class="step_duration">(0.896s)</small></div><div class="step_file"><span>steps/home_page_steps.py:3</span></div><span class="embed" /></li><li class="step passed"><div class="step_name"><span class="keyword">When </span><span class="step val">I click on the Login link</span><small class="step_duration">(0.617s)</small></div><div class="step_file"><span>steps/login_steps.py:3</span></div><span class="embed" /></li><li class="step failed"><div class="step_name"><span class="keyword">When </span><span class="step val"><span>I try to login 11 times "</span><b>Danielabdr</b><span>" and "</span><b>123456789123456</b><span>"</span></span><small class="step_duration">(5.730s)</small></div><div class="step_file"><span>steps/login_steps.py:15</span></div><span class="embed"><a onclick="Collapsible_toggle('embed_13')">Error Message</a><pre id="embed_13" style="display: none">Traceback (most recent call last):
  File "C:\Users\Ovidiu\PycharmProjects\TMDB_BDD\venv\Lib\site-packages\behave\model.py", line 1329, in run
    match.run(runner.context)
  File "C:\Users\Ovidiu\PycharmProjects\TMDB_BDD\venv\Lib\site-packages\behave\matchers.py", line 98, in run
    self.func(context, *args, **kwargs)
  File "steps\login_steps.py", line 17, in step_impl
    context.login_page.insert_username_password_11_times(username, password)
  File "C:\Users\Ovidiu\PycharmProjects\TMDB_BDD\pages\login_page.py", line 30, in insert_username_password_11_times
    self.check_error_message("Username or password is invalid. Please try again")
  File "C:\Users\Ovidiu\PycharmProjects\TMDB_BDD\pages\login_page.py", line 40, in check_error_message
    actual_message = self.driver.find_element(*self.USERNAME_AND_PASSWORD_ERROR_MESSAGE).text
                     ^^^^^^^^^^^^^^^^^^^^^^^^^^^^^^^^^^^^^^^^^^^^^^^^^^^^^^^^^^^^^^^^^^^
  File "C:\Users\Ovidiu\PycharmProjects\TMDB_BDD\venv\Lib\site-packages\seleniumbase\core\sb_driver.py", line 20, in find_element
    return self.driver.default_find_element(by=by, value=value)
           ^^^^^^^^^^^^^^^^^^^^^^^^^^^^^^^^^^^^^^^^^^^^^^^^^^^^
  File "C:\Users\Ovidiu\PycharmProjects\TMDB_BDD\venv\Lib\site-packages\selenium\webdriver\remote\webdriver.py", line 741, in find_element
    return self.execute(Command.FIND_ELEMENT, {"using": by, "value": value})["value"]
           ^^^^^^^^^^^^^^^^^^^^^^^^^^^^^^^^^^^^^^^^^^^^^^^^^^^^^^^^^^^^^^^^^
  File "C:\Users\Ovidiu\PycharmProjects\TMDB_BDD\venv\Lib\site-packages\selenium\webdriver\remote\webdriver.py", line 347, in execute
    self.error_handler.check_response(response)
  File "C:\Users\Ovidiu\PycharmProjects\TMDB_BDD\venv\Lib\site-packages\selenium\webdriver\remote\errorhandler.py", line 229, in check_response
    raise exception_class(message, screen, stacktrace)
selenium.common.exceptions.NoSuchElementException: Message: no such element: Unable to locate element: {"method":"xpath","selector":"//div[@class="content"]/ul"}
  (Session info: chrome=123.0.6312.124); For documentation on this error, please visit: https://www.selenium.dev/documentation/webdriver/troubleshooting/errors#no-such-element-exception
Stacktrace:
	GetHandleVerifier [0x00007FF650F47032+63090]
	(No symbol) [0x00007FF650EB2C82]
	(No symbol) [0x00007FF650D4EC65]
	(No symbol) [0x00007FF650D9499D]
	(No symbol) [0x00007FF650D94ADC]
	(No symbol) [0x00007FF650DD5B37]
	(No symbol) [0x00007FF650DB701F]
	(No symbol) [0x00007FF650DD3412]
	(No symbol) [0x00007FF650DB6D83]
	(No symbol) [0x00007FF650D883A8]
	(No symbol) [0x00007FF650D89441]
	GetHandleVerifier [0x00007FF6513425AD+4238317]
	GetHandleVerifier [0x00007FF65137F70D+4488525]
	GetHandleVerifier [0x00007FF6513779EF+4456495]
	GetHandleVerifier [0x00007FF651020576+953270]
	(No symbol) [0x00007FF650EBE54F]
	(No symbol) [0x00007FF650EB9224]
	(No symbol) [0x00007FF650EB935B]
	(No symbol) [0x00007FF650EA9B94]
	BaseThreadInitThunk [0x00007FFA200D7344+20]
	RtlUserThreadStart [0x00007FFA203426B1+33]

</pre>    </span></li></ol><span /></div><div class="scenario"><span class="scenario_file">features/TMDB_login.feature:46</span><span class="tag">@T5</span><h3 onclick="Collapsible_toggle('scenario_13')" class="failed"><span class="val">Scenario Outline: Verify that when the user inserts invalid data into the log in fields more than 10 times, -- @1.9 </span></h3><ol class="scenario_steps" id="scenario_13"><li class="step passed"><div class="step_name"><span class="keyword">Given </span><span class="step val">I am on TMDB home page</span><small class="step_duration">(0.624s)</small></div><div class="step_file"><span>steps/home_page_steps.py:3</span></div><span class="embed" /></li><li class="step passed"><div class="step_name"><span class="keyword">When </span><span class="step val">I click on the Login link</span><small class="step_duration">(0.792s)</small></div><div class="step_file"><span>steps/login_steps.py:3</span></div><span class="embed" /></li><li class="step failed"><div class="step_name"><span class="keyword">When </span><span class="step val"><span>I try to login 11 times "</span><b>Maria12344@#$%</b><span>" and "</span><b>Tmdb1994@#@#</b><span>"</span></span><small class="step_duration">(6.004s)</small></div><div class="step_file"><span>steps/login_steps.py:15</span></div><span class="embed"><a onclick="Collapsible_toggle('embed_14')">Error Message</a><pre id="embed_14" style="display: none">Traceback (most recent call last):
  File "C:\Users\Ovidiu\PycharmProjects\TMDB_BDD\venv\Lib\site-packages\behave\model.py", line 1329, in run
    match.run(runner.context)
  File "C:\Users\Ovidiu\PycharmProjects\TMDB_BDD\venv\Lib\site-packages\behave\matchers.py", line 98, in run
    self.func(context, *args, **kwargs)
  File "steps\login_steps.py", line 17, in step_impl
    context.login_page.insert_username_password_11_times(username, password)
  File "C:\Users\Ovidiu\PycharmProjects\TMDB_BDD\pages\login_page.py", line 30, in insert_username_password_11_times
    self.check_error_message("Username or password is invalid. Please try again")
  File "C:\Users\Ovidiu\PycharmProjects\TMDB_BDD\pages\login_page.py", line 40, in check_error_message
    actual_message = self.driver.find_element(*self.USERNAME_AND_PASSWORD_ERROR_MESSAGE).text
                     ^^^^^^^^^^^^^^^^^^^^^^^^^^^^^^^^^^^^^^^^^^^^^^^^^^^^^^^^^^^^^^^^^^^
  File "C:\Users\Ovidiu\PycharmProjects\TMDB_BDD\venv\Lib\site-packages\seleniumbase\core\sb_driver.py", line 20, in find_element
    return self.driver.default_find_element(by=by, value=value)
           ^^^^^^^^^^^^^^^^^^^^^^^^^^^^^^^^^^^^^^^^^^^^^^^^^^^^
  File "C:\Users\Ovidiu\PycharmProjects\TMDB_BDD\venv\Lib\site-packages\selenium\webdriver\remote\webdriver.py", line 741, in find_element
    return self.execute(Command.FIND_ELEMENT, {"using": by, "value": value})["value"]
           ^^^^^^^^^^^^^^^^^^^^^^^^^^^^^^^^^^^^^^^^^^^^^^^^^^^^^^^^^^^^^^^^^
  File "C:\Users\Ovidiu\PycharmProjects\TMDB_BDD\venv\Lib\site-packages\selenium\webdriver\remote\webdriver.py", line 347, in execute
    self.error_handler.check_response(response)
  File "C:\Users\Ovidiu\PycharmProjects\TMDB_BDD\venv\Lib\site-packages\selenium\webdriver\remote\errorhandler.py", line 229, in check_response
    raise exception_class(message, screen, stacktrace)
selenium.common.exceptions.NoSuchElementException: Message: no such element: Unable to locate element: {"method":"xpath","selector":"//div[@class="content"]/ul"}
  (Session info: chrome=123.0.6312.124); For documentation on this error, please visit: https://www.selenium.dev/documentation/webdriver/troubleshooting/errors#no-such-element-exception
Stacktrace:
	GetHandleVerifier [0x00007FF650F47032+63090]
	(No symbol) [0x00007FF650EB2C82]
	(No symbol) [0x00007FF650D4EC65]
	(No symbol) [0x00007FF650D9499D]
	(No symbol) [0x00007FF650D94ADC]
	(No symbol) [0x00007FF650DD5B37]
	(No symbol) [0x00007FF650DB701F]
	(No symbol) [0x00007FF650DD3412]
	(No symbol) [0x00007FF650DB6D83]
	(No symbol) [0x00007FF650D883A8]
	(No symbol) [0x00007FF650D89441]
	GetHandleVerifier [0x00007FF6513425AD+4238317]
	GetHandleVerifier [0x00007FF65137F70D+4488525]
	GetHandleVerifier [0x00007FF6513779EF+4456495]
	GetHandleVerifier [0x00007FF651020576+953270]
	(No symbol) [0x00007FF650EBE54F]
	(No symbol) [0x00007FF650EB9224]
	(No symbol) [0x00007FF650EB935B]
	(No symbol) [0x00007FF650EA9B94]
	BaseThreadInitThunk [0x00007FFA200D7344+20]
	RtlUserThreadStart [0x00007FFA203426B1+33]

</pre>    </span></li></ol><span /></div><div class="scenario"><span class="scenario_file">features/TMDB_login.feature:47</span><span class="tag">@T5</span><h3 onclick="Collapsible_toggle('scenario_14')" class="failed"><span class="val">Scenario Outline: Verify that when the user inserts invalid data into the log in fields more than 10 times, -- @1.10 </span></h3><ol class="scenario_steps" id="scenario_14"><li class="step passed"><div class="step_name"><span class="keyword">Given </span><span class="step val">I am on TMDB home page</span><small class="step_duration">(0.739s)</small></div><div class="step_file"><span>steps/home_page_steps.py:3</span></div><span class="embed" /></li><li class="step passed"><div class="step_name"><span class="keyword">When </span><span class="step val">I click on the Login link</span><small class="step_duration">(0.649s)</small></div><div class="step_file"><span>steps/login_steps.py:3</span></div><span class="embed" /></li><li class="step failed"><div class="step_name"><span class="keyword">When </span><span class="step val"><span>I try to login 11 times "</span><b>anamiariamaria</b><span>" and "</span><b>testestestest</b><span>"</span></span><small class="step_duration">(5.955s)</small></div><div class="step_file"><span>steps/login_steps.py:15</span></div><span class="embed"><a onclick="Collapsible_toggle('embed_15')">Error Message</a><pre id="embed_15" style="display: none">Traceback (most recent call last):
  File "C:\Users\Ovidiu\PycharmProjects\TMDB_BDD\venv\Lib\site-packages\behave\model.py", line 1329, in run
    match.run(runner.context)
  File "C:\Users\Ovidiu\PycharmProjects\TMDB_BDD\venv\Lib\site-packages\behave\matchers.py", line 98, in run
    self.func(context, *args, **kwargs)
  File "steps\login_steps.py", line 17, in step_impl
    context.login_page.insert_username_password_11_times(username, password)
  File "C:\Users\Ovidiu\PycharmProjects\TMDB_BDD\pages\login_page.py", line 30, in insert_username_password_11_times
    self.check_error_message("Username or password is invalid. Please try again")
  File "C:\Users\Ovidiu\PycharmProjects\TMDB_BDD\pages\login_page.py", line 40, in check_error_message
    actual_message = self.driver.find_element(*self.USERNAME_AND_PASSWORD_ERROR_MESSAGE).text
                     ^^^^^^^^^^^^^^^^^^^^^^^^^^^^^^^^^^^^^^^^^^^^^^^^^^^^^^^^^^^^^^^^^^^
  File "C:\Users\Ovidiu\PycharmProjects\TMDB_BDD\venv\Lib\site-packages\seleniumbase\core\sb_driver.py", line 20, in find_element
    return self.driver.default_find_element(by=by, value=value)
           ^^^^^^^^^^^^^^^^^^^^^^^^^^^^^^^^^^^^^^^^^^^^^^^^^^^^
  File "C:\Users\Ovidiu\PycharmProjects\TMDB_BDD\venv\Lib\site-packages\selenium\webdriver\remote\webdriver.py", line 741, in find_element
    return self.execute(Command.FIND_ELEMENT, {"using": by, "value": value})["value"]
           ^^^^^^^^^^^^^^^^^^^^^^^^^^^^^^^^^^^^^^^^^^^^^^^^^^^^^^^^^^^^^^^^^
  File "C:\Users\Ovidiu\PycharmProjects\TMDB_BDD\venv\Lib\site-packages\selenium\webdriver\remote\webdriver.py", line 347, in execute
    self.error_handler.check_response(response)
  File "C:\Users\Ovidiu\PycharmProjects\TMDB_BDD\venv\Lib\site-packages\selenium\webdriver\remote\errorhandler.py", line 229, in check_response
    raise exception_class(message, screen, stacktrace)
selenium.common.exceptions.NoSuchElementException: Message: no such element: Unable to locate element: {"method":"xpath","selector":"//div[@class="content"]/ul"}
  (Session info: chrome=123.0.6312.124); For documentation on this error, please visit: https://www.selenium.dev/documentation/webdriver/troubleshooting/errors#no-such-element-exception
Stacktrace:
	GetHandleVerifier [0x00007FF650F47032+63090]
	(No symbol) [0x00007FF650EB2C82]
	(No symbol) [0x00007FF650D4EC65]
	(No symbol) [0x00007FF650D9499D]
	(No symbol) [0x00007FF650D94ADC]
	(No symbol) [0x00007FF650DD5B37]
	(No symbol) [0x00007FF650DB701F]
	(No symbol) [0x00007FF650DD3412]
	(No symbol) [0x00007FF650DB6D83]
	(No symbol) [0x00007FF650D883A8]
	(No symbol) [0x00007FF650D89441]
	GetHandleVerifier [0x00007FF6513425AD+4238317]
	GetHandleVerifier [0x00007FF65137F70D+4488525]
	GetHandleVerifier [0x00007FF6513779EF+4456495]
	GetHandleVerifier [0x00007FF651020576+953270]
	(No symbol) [0x00007FF650EBE54F]
	(No symbol) [0x00007FF650EB9224]
	(No symbol) [0x00007FF650EB935B]
	(No symbol) [0x00007FF650EA9B94]
	BaseThreadInitThunk [0x00007FFA200D7344+20]
	RtlUserThreadStart [0x00007FFA203426B1+33]

</pre>    </span></li></ol><span /></div><div class="scenario"><span class="scenario_file">features/TMDB_login.feature:48</span><span class="tag">@T5</span><h3 onclick="Collapsible_toggle('scenario_15')" class="failed"><span class="val">Scenario Outline: Verify that when the user inserts invalid data into the log in fields more than 10 times, -- @1.11 </span></h3><ol class="scenario_steps" id="scenario_15"><li class="step passed"><div class="step_name"><span class="keyword">Given </span><span class="step val">I am on TMDB home page</span><small class="step_duration">(0.684s)</small></div><div class="step_file"><span>steps/home_page_steps.py:3</span></div><span class="embed" /></li><li class="step passed"><div class="step_name"><span class="keyword">When </span><span class="step val">I click on the Login link</span><small class="step_duration">(0.713s)</small></div><div class="step_file"><span>steps/login_steps.py:3</span></div><span class="embed" /></li><li class="step failed"><div class="step_name"><span class="keyword">When </span><span class="step val"><span>I try to login 11 times "</span><b>anamiariamaria</b><span>" and "</span><b>testestestest</b><span>"</span></span><small class="step_duration">(5.725s)</small></div><div class="step_file"><span>steps/login_steps.py:15</span></div><span class="embed"><a onclick="Collapsible_toggle('embed_16')">Error Message</a><pre id="embed_16" style="display: none">Traceback (most recent call last):
  File "C:\Users\Ovidiu\PycharmProjects\TMDB_BDD\venv\Lib\site-packages\behave\model.py", line 1329, in run
    match.run(runner.context)
  File "C:\Users\Ovidiu\PycharmProjects\TMDB_BDD\venv\Lib\site-packages\behave\matchers.py", line 98, in run
    self.func(context, *args, **kwargs)
  File "steps\login_steps.py", line 17, in step_impl
    context.login_page.insert_username_password_11_times(username, password)
  File "C:\Users\Ovidiu\PycharmProjects\TMDB_BDD\pages\login_page.py", line 30, in insert_username_password_11_times
    self.check_error_message("Username or password is invalid. Please try again")
  File "C:\Users\Ovidiu\PycharmProjects\TMDB_BDD\pages\login_page.py", line 40, in check_error_message
    actual_message = self.driver.find_element(*self.USERNAME_AND_PASSWORD_ERROR_MESSAGE).text
                     ^^^^^^^^^^^^^^^^^^^^^^^^^^^^^^^^^^^^^^^^^^^^^^^^^^^^^^^^^^^^^^^^^^^
  File "C:\Users\Ovidiu\PycharmProjects\TMDB_BDD\venv\Lib\site-packages\seleniumbase\core\sb_driver.py", line 20, in find_element
    return self.driver.default_find_element(by=by, value=value)
           ^^^^^^^^^^^^^^^^^^^^^^^^^^^^^^^^^^^^^^^^^^^^^^^^^^^^
  File "C:\Users\Ovidiu\PycharmProjects\TMDB_BDD\venv\Lib\site-packages\selenium\webdriver\remote\webdriver.py", line 741, in find_element
    return self.execute(Command.FIND_ELEMENT, {"using": by, "value": value})["value"]
           ^^^^^^^^^^^^^^^^^^^^^^^^^^^^^^^^^^^^^^^^^^^^^^^^^^^^^^^^^^^^^^^^^
  File "C:\Users\Ovidiu\PycharmProjects\TMDB_BDD\venv\Lib\site-packages\selenium\webdriver\remote\webdriver.py", line 347, in execute
    self.error_handler.check_response(response)
  File "C:\Users\Ovidiu\PycharmProjects\TMDB_BDD\venv\Lib\site-packages\selenium\webdriver\remote\errorhandler.py", line 229, in check_response
    raise exception_class(message, screen, stacktrace)
selenium.common.exceptions.NoSuchElementException: Message: no such element: Unable to locate element: {"method":"xpath","selector":"//div[@class="content"]/ul"}
  (Session info: chrome=123.0.6312.124); For documentation on this error, please visit: https://www.selenium.dev/documentation/webdriver/troubleshooting/errors#no-such-element-exception
Stacktrace:
	GetHandleVerifier [0x00007FF650F47032+63090]
	(No symbol) [0x00007FF650EB2C82]
	(No symbol) [0x00007FF650D4EC65]
	(No symbol) [0x00007FF650D9499D]
	(No symbol) [0x00007FF650D94ADC]
	(No symbol) [0x00007FF650DD5B37]
	(No symbol) [0x00007FF650DB701F]
	(No symbol) [0x00007FF650DD3412]
	(No symbol) [0x00007FF650DB6D83]
	(No symbol) [0x00007FF650D883A8]
	(No symbol) [0x00007FF650D89441]
	GetHandleVerifier [0x00007FF6513425AD+4238317]
	GetHandleVerifier [0x00007FF65137F70D+4488525]
	GetHandleVerifier [0x00007FF6513779EF+4456495]
	GetHandleVerifier [0x00007FF651020576+953270]
	(No symbol) [0x00007FF650EBE54F]
	(No symbol) [0x00007FF650EB9224]
	(No symbol) [0x00007FF650EB935B]
	(No symbol) [0x00007FF650EA9B94]
	BaseThreadInitThunk [0x00007FFA200D7344+20]
	RtlUserThreadStart [0x00007FFA203426B1+33]

</pre>    </span></li></ol><span /></div><div class="scenario"><span class="scenario_file">features/TMDB_login.feature:51</span><span class="tag">@T6</span><h3 onclick="Collapsible_toggle('scenario_16')"><span class="val">Scenario: Verify that when the user doesn't insert data into the log in fields, then he is not able to log into the application</span></h3><ol class="scenario_steps" id="scenario_16"><li class="step passed"><div class="step_name"><span class="keyword">Given </span><span class="step val">I am on TMDB home page</span><small class="step_duration">(0.641s)</small></div><div class="step_file"><span>steps/home_page_steps.py:3</span></div><span class="embed" /></li><li class="step passed"><div class="step_name"><span class="keyword">When </span><span class="step val">I click on the Login link</span><small class="step_duration">(0.713s)</small></div><div class="step_file"><span>steps/login_steps.py:3</span></div><span class="embed" /></li><li class="step passed"><div class="step_name"><span class="keyword">When </span><span class="step val">I click on the Login button</span><small class="step_duration">(0.426s)</small></div><div class="step_file"><span>steps/login_steps.py:19</span></div><span class="embed" /></li><li class="step passed"><div class="step_name"><span class="keyword">Then </span><span class="step val">I should not be able to log into the application</span><small class="step_duration">(0.273s)</small></div><div class="step_file"><span>steps/login_steps.py:23</span></div><span class="embed" /></li></ol><span /></div><div class="feature"><h2><span class="val">Feature: This feature will verify the behaviour of the create account functionality in oder to ensure proper functionality</span></h2><span /></div><div class="scenario"><span class="scenario_file">features/join_TMDB.feature:3</span><span class="tag">@T2</span><h3 onclick="Collapsible_toggle('scenario_17')" class="failed"><span class="val">Scenario: Verify that when the user inserts valid data into the input fields, then he will be able to create an account</span></h3><ol class="scenario_steps" id="scenario_17"><li class="step passed"><div class="step_name"><span class="keyword">Given </span><span class="step val">I am on TMDB home page</span><small class="step_duration">(0.762s)</small></div><div class="step_file"><span>steps/home_page_steps.py:3</span></div><span class="embed" /></li><li class="step passed"><div class="step_name"><span class="keyword">When </span><span class="step val">I click on the Join TMDB link</span><small class="step_duration">(0.726s)</small></div><div class="step_file"><span>steps/join_TMDB_steps.py:4</span></div><span class="embed" /></li><li class="step passed"><div class="step_name"><span class="keyword">When </span><span class="step val"><span>I insert "</span><b>Daniela1234</b><span>" on the username field</span></span><small class="step_duration">(0.193s)</small></div><div class="step_file"><span>steps/join_TMDB_steps.py:8</span></div><span class="embed" /></li><li class="step passed"><div class="step_name"><span class="keyword">When </span><span class="step val"><span>I insert "</span><b>parola123456789</b><span>" on the password field</span></span><small class="step_duration">(0.151s)</small></div><div class="step_file"><span>steps/join_TMDB_steps.py:12</span></div><span class="embed" /></li><li class="step passed"><div class="step_name"><span class="keyword">When </span><span class="step val"><span>I insert "</span><b>parola123456789</b><span>" on the confirmation password field</span></span><small class="step_duration">(0.164s)</small></div><div class="step_file"><span>steps/join_TMDB_steps.py:16</span></div><span class="embed" /></li><li class="step passed"><div class="step_name"><span class="keyword">When </span><span class="step val"><span>I insert "</span><b>Daniela.daniela12@yahoo.com</b><span>" on the email field</span></span><small class="step_duration">(0.196s)</small></div><div class="step_file"><span>steps/join_TMDB_steps.py:20</span></div><span class="embed" /></li><li class="step passed"><div class="step_name"><span class="keyword">When </span><span class="step val">I click Sign In button</span><small class="step_duration">(0.431s)</small></div><div class="step_file"><span>steps/join_TMDB_steps.py:23</span></div><span class="embed" /></li><li class="step failed"><div class="step_name"><span class="keyword">Then </span><span class="step val">the user will be directed to a page with a message saying that he needs to activate the account from the email recieved</span><small class="step_duration">(0.418s)</small></div><div class="step_file"><span>steps/join_TMDB_steps.py:27</span></div><span class="embed"><a onclick="Collapsible_toggle('embed_17')">Error Message</a><pre id="embed_17" style="display: none">Assertion Failed: Error: Expected message: Your email address hasn't been verified. Please click the verification link in the email that was sent to the address you signed up with. (Don't forget to check your spam folder.) You may request the email be resent if you are unable to locate your activation email. Actual message: There was a problem</pre>    </span></li></ol><span /></div><div class="feature"><h2><span class="val">Feature: This feature will verify the behaviour of the list functionality in oder to ensure proper functionality</span></h2><span /></div><div class="scenario"><span class="scenario_file">features/loggedin_list.feature:3</span><span class="tag">@T7</span><h3 onclick="Collapsible_toggle('scenario_18')" class="failed"><span class="val">Scenario: Verify that the user can create a movie list with name containg letters, numbers and special characters</span></h3><ol class="scenario_steps" id="scenario_18"><li class="step failed"><div class="step_name"><span class="keyword">Given </span><span class="step val">I am on the user account page</span><small class="step_duration">(1.852s)</small></div><div class="step_file"><span>steps/loggedin_list_steps.py:4</span></div><span class="embed"><a onclick="Collapsible_toggle('embed_18')">Error Message</a><pre id="embed_18" style="display: none">Traceback (most recent call last):
  File "C:\Users\Ovidiu\PycharmProjects\TMDB_BDD\venv\Lib\site-packages\behave\model.py", line 1329, in run
    match.run(runner.context)
  File "C:\Users\Ovidiu\PycharmProjects\TMDB_BDD\venv\Lib\site-packages\behave\matchers.py", line 98, in run
    self.func(context, *args, **kwargs)
  File "steps\loggedin_list_steps.py", line 7, in step_impl
    context.home_page.click_accept_cookies()
  File "C:\Users\Ovidiu\PycharmProjects\TMDB_BDD\pages\home_page.py", line 22, in click_accept_cookies
    accept_cookies.click()
  File "C:\Users\Ovidiu\PycharmProjects\TMDB_BDD\venv\Lib\site-packages\selenium\webdriver\remote\webelement.py", line 94, in click
    self._execute(Command.CLICK_ELEMENT)
  File "C:\Users\Ovidiu\PycharmProjects\TMDB_BDD\venv\Lib\site-packages\selenium\webdriver\remote\webelement.py", line 395, in _execute
    return self._parent.execute(command, params)
           ^^^^^^^^^^^^^^^^^^^^^^^^^^^^^^^^^^^^^
  File "C:\Users\Ovidiu\PycharmProjects\TMDB_BDD\venv\Lib\site-packages\selenium\webdriver\remote\webdriver.py", line 347, in execute
    self.error_handler.check_response(response)
  File "C:\Users\Ovidiu\PycharmProjects\TMDB_BDD\venv\Lib\site-packages\selenium\webdriver\remote\errorhandler.py", line 229, in check_response
    raise exception_class(message, screen, stacktrace)
selenium.common.exceptions.ElementClickInterceptedException: Message: element click intercepted: Element is not clickable at point (1180, 675)
  (Session info: chrome=123.0.6312.124)
Stacktrace:
	GetHandleVerifier [0x00007FF650F47032+63090]
	(No symbol) [0x00007FF650EB2C82]
	(No symbol) [0x00007FF650D4EC65]
	(No symbol) [0x00007FF650D9BB34]
	(No symbol) [0x00007FF650D99954]
	(No symbol) [0x00007FF650D97164]
	(No symbol) [0x00007FF650D95EF9]
	(No symbol) [0x00007FF650D8A708]
	(No symbol) [0x00007FF650DB6FDA]
	(No symbol) [0x00007FF650D8A00A]
	(No symbol) [0x00007FF650DB71F0]
	(No symbol) [0x00007FF650DD3412]
	(No symbol) [0x00007FF650DB6D83]
	(No symbol) [0x00007FF650D883A8]
	(No symbol) [0x00007FF650D89441]
	GetHandleVerifier [0x00007FF6513425AD+4238317]
	GetHandleVerifier [0x00007FF65137F70D+4488525]
	GetHandleVerifier [0x00007FF6513779EF+4456495]
	GetHandleVerifier [0x00007FF651020576+953270]
	(No symbol) [0x00007FF650EBE54F]
	(No symbol) [0x00007FF650EB9224]
	(No symbol) [0x00007FF650EB935B]
	(No symbol) [0x00007FF650EA9B94]
	BaseThreadInitThunk [0x00007FFA200D7344+20]
	RtlUserThreadStart [0x00007FFA203426B1+33]

</pre>    </span></li></ol><span /></div></div></body></html>